<?xml version="1.0" encoding="UTF-8"?>
<!-- Generated by org.testng.reporters.JUnitReportReporter -->
<testsuite hostname="DESKTOP-UK5D04V" failures="0" tests="2" name="runner.LoginRunner" time="13.332" errors="0" timestamp="2024-04-11T21:13:19 IST" skipped="0">
  <testcase classname="runner.LoginRunner" name="runScenario" time="7.189"/>
  <system-out/>
  <testcase classname="runner.LoginRunner" name="runScenario" time="6.143"/>
  <system-out/>
</testsuite> <!-- runner.LoginRunner -->
